2024-07-13T12:58:09.946+04:00  INFO 11540 --- [Trainer_Workload] [main] c.e.t.TrainerWorkloadApplication         : Starting TrainerWorkloadApplication using Java 21.0.1 with PID 11540 (C:\Users\User\IdeaProjects\gym-microservices\Trainer_Workload\target\classes started by User in C:\Users\User\IdeaProjects\gym-microservices)
2024-07-13T12:58:09.948+04:00  INFO 11540 --- [Trainer_Workload] [main] c.e.t.TrainerWorkloadApplication         : No active profile set, falling back to 1 default profile: "default"
2024-07-13T12:58:11.581+04:00  INFO 11540 --- [Trainer_Workload] [main] .s.d.r.c.RepositoryConfigurationDelegate : Multiple Spring Data modules found, entering strict repository configuration mode
2024-07-13T12:58:11.586+04:00  INFO 11540 --- [Trainer_Workload] [main] .s.d.r.c.RepositoryConfigurationDelegate : Bootstrapping Spring Data JPA repositories in DEFAULT mode.
2024-07-13T12:58:11.646+04:00  INFO 11540 --- [Trainer_Workload] [main] .RepositoryConfigurationExtensionSupport : Spring Data JPA - Could not safely identify store assignment for repository candidate interface com.example.trainer_workload.repository.TrainerRepository; If you want this repository to be a JPA repository, consider annotating your entities with one of these annotations: jakarta.persistence.Entity, jakarta.persistence.MappedSuperclass (preferred), or consider extending one of the following types with your repository: org.springframework.data.jpa.repository.JpaRepository
2024-07-13T12:58:11.647+04:00  INFO 11540 --- [Trainer_Workload] [main] .s.d.r.c.RepositoryConfigurationDelegate : Finished Spring Data repository scanning in 48 ms. Found 0 JPA repository interfaces.
2024-07-13T12:58:11.701+04:00  INFO 11540 --- [Trainer_Workload] [main] .s.d.r.c.RepositoryConfigurationDelegate : Multiple Spring Data modules found, entering strict repository configuration mode
2024-07-13T12:58:11.702+04:00  INFO 11540 --- [Trainer_Workload] [main] .s.d.r.c.RepositoryConfigurationDelegate : Bootstrapping Spring Data MongoDB repositories in DEFAULT mode.
2024-07-13T12:58:11.918+04:00  INFO 11540 --- [Trainer_Workload] [main] .s.d.r.c.RepositoryConfigurationDelegate : Finished Spring Data repository scanning in 216 ms. Found 1 MongoDB repository interface.
2024-07-13T12:58:12.438+04:00  INFO 11540 --- [Trainer_Workload] [main] o.s.cloud.context.scope.GenericScope     : BeanFactory id=c3d8bb87-856e-3d20-8e1b-9566bd7254cf
2024-07-13T12:58:12.942+04:00  WARN 11540 --- [Trainer_Workload] [main] trationDelegate$BeanPostProcessorChecker : Bean 'org.springframework.cloud.client.loadbalancer.LoadBalancerAutoConfiguration$LoadBalancerInterceptorConfig' of type [org.springframework.cloud.client.loadbalancer.LoadBalancerAutoConfiguration$LoadBalancerInterceptorConfig] is not eligible for getting processed by all BeanPostProcessors (for example: not eligible for auto-proxying). The currently created BeanPostProcessor [lbRestClientPostProcessor] is declared through a non-static factory method on that class; consider declaring it as static instead.
2024-07-13T12:58:12.950+04:00  WARN 11540 --- [Trainer_Workload] [main] trationDelegate$BeanPostProcessorChecker : Bean 'org.springframework.cloud.loadbalancer.config.BlockingLoadBalancerClientAutoConfiguration' of type [org.springframework.cloud.loadbalancer.config.BlockingLoadBalancerClientAutoConfiguration] is not eligible for getting processed by all BeanPostProcessors (for example: not eligible for auto-proxying). Is this bean getting eagerly injected into a currently created BeanPostProcessor [lbRestClientPostProcessor]? Check the corresponding BeanPostProcessor declaration and its dependencies.
2024-07-13T12:58:12.956+04:00  WARN 11540 --- [Trainer_Workload] [main] trationDelegate$BeanPostProcessorChecker : Bean 'org.springframework.cloud.loadbalancer.config.LoadBalancerAutoConfiguration' of type [org.springframework.cloud.loadbalancer.config.LoadBalancerAutoConfiguration] is not eligible for getting processed by all BeanPostProcessors (for example: not eligible for auto-proxying). Is this bean getting eagerly injected into a currently created BeanPostProcessor [lbRestClientPostProcessor]? Check the corresponding BeanPostProcessor declaration and its dependencies.
2024-07-13T12:58:12.975+04:00  WARN 11540 --- [Trainer_Workload] [main] trationDelegate$BeanPostProcessorChecker : Bean 'org.springframework.cloud.commons.config.CommonsConfigAutoConfiguration' of type [org.springframework.cloud.commons.config.CommonsConfigAutoConfiguration] is not eligible for getting processed by all BeanPostProcessors (for example: not eligible for auto-proxying). Is this bean getting eagerly injected into a currently created BeanPostProcessor [lbRestClientPostProcessor]? Check the corresponding BeanPostProcessor declaration and its dependencies.
2024-07-13T12:58:12.983+04:00  WARN 11540 --- [Trainer_Workload] [main] trationDelegate$BeanPostProcessorChecker : Bean 'org.springframework.cloud.client.loadbalancer.LoadBalancerDefaultMappingsProviderAutoConfiguration' of type [org.springframework.cloud.client.loadbalancer.LoadBalancerDefaultMappingsProviderAutoConfiguration] is not eligible for getting processed by all BeanPostProcessors (for example: not eligible for auto-proxying). Is this bean getting eagerly injected into a currently created BeanPostProcessor [lbRestClientPostProcessor]? Check the corresponding BeanPostProcessor declaration and its dependencies.
2024-07-13T12:58:12.987+04:00  WARN 11540 --- [Trainer_Workload] [main] trationDelegate$BeanPostProcessorChecker : Bean 'loadBalancerClientsDefaultsMappingsProvider' of type [org.springframework.cloud.client.loadbalancer.LoadBalancerDefaultMappingsProviderAutoConfiguration$$Lambda/0x0000016cb3497508] is not eligible for getting processed by all BeanPostProcessors (for example: not eligible for auto-proxying). Is this bean getting eagerly injected into a currently created BeanPostProcessor [lbRestClientPostProcessor]? Check the corresponding BeanPostProcessor declaration and its dependencies.
2024-07-13T12:58:12.992+04:00  WARN 11540 --- [Trainer_Workload] [main] trationDelegate$BeanPostProcessorChecker : Bean 'defaultsBindHandlerAdvisor' of type [org.springframework.cloud.commons.config.DefaultsBindHandlerAdvisor] is not eligible for getting processed by all BeanPostProcessors (for example: not eligible for auto-proxying). Is this bean getting eagerly injected into a currently created BeanPostProcessor [lbRestClientPostProcessor]? Check the corresponding BeanPostProcessor declaration and its dependencies.
2024-07-13T12:58:13.003+04:00  WARN 11540 --- [Trainer_Workload] [main] trationDelegate$BeanPostProcessorChecker : Bean 'spring.cloud.loadbalancer-org.springframework.cloud.client.loadbalancer.LoadBalancerClientsProperties' of type [org.springframework.cloud.client.loadbalancer.LoadBalancerClientsProperties] is not eligible for getting processed by all BeanPostProcessors (for example: not eligible for auto-proxying). Is this bean getting eagerly injected into a currently created BeanPostProcessor [lbRestClientPostProcessor]? Check the corresponding BeanPostProcessor declaration and its dependencies.
2024-07-13T12:58:13.020+04:00  WARN 11540 --- [Trainer_Workload] [main] trationDelegate$BeanPostProcessorChecker : Bean 'default.org.springframework.cloud.loadbalancer.config.LoadBalancerAutoConfiguration.LoadBalancerClientSpecification' of type [org.springframework.cloud.loadbalancer.annotation.LoadBalancerClientSpecification] is not eligible for getting processed by all BeanPostProcessors (for example: not eligible for auto-proxying). Is this bean getting eagerly injected into a currently created BeanPostProcessor [lbRestClientPostProcessor]? Check the corresponding BeanPostProcessor declaration and its dependencies.
2024-07-13T12:58:13.024+04:00  WARN 11540 --- [Trainer_Workload] [main] trationDelegate$BeanPostProcessorChecker : Bean 'default.org.springframework.cloud.loadbalancer.config.BlockingLoadBalancerClientAutoConfiguration.LoadBalancerClientSpecification' of type [org.springframework.cloud.loadbalancer.annotation.LoadBalancerClientSpecification] is not eligible for getting processed by all BeanPostProcessors (for example: not eligible for auto-proxying). Is this bean getting eagerly injected into a currently created BeanPostProcessor [lbRestClientPostProcessor]? Check the corresponding BeanPostProcessor declaration and its dependencies.
2024-07-13T12:58:13.026+04:00  WARN 11540 --- [Trainer_Workload] [main] trationDelegate$BeanPostProcessorChecker : Bean 'default.org.springframework.cloud.netflix.eureka.loadbalancer.LoadBalancerEurekaAutoConfiguration.LoadBalancerClientSpecification' of type [org.springframework.cloud.loadbalancer.annotation.LoadBalancerClientSpecification] is not eligible for getting processed by all BeanPostProcessors (for example: not eligible for auto-proxying). Is this bean getting eagerly injected into a currently created BeanPostProcessor [lbRestClientPostProcessor]? Check the corresponding BeanPostProcessor declaration and its dependencies.
2024-07-13T12:58:13.028+04:00  WARN 11540 --- [Trainer_Workload] [main] trationDelegate$BeanPostProcessorChecker : Bean 'loadBalancerClientFactory' of type [org.springframework.cloud.loadbalancer.support.LoadBalancerClientFactory] is not eligible for getting processed by all BeanPostProcessors (for example: not eligible for auto-proxying). Is this bean getting eagerly injected into a currently created BeanPostProcessor [lbRestClientPostProcessor]? Check the corresponding BeanPostProcessor declaration and its dependencies.
2024-07-13T12:58:13.040+04:00  WARN 11540 --- [Trainer_Workload] [main] trationDelegate$BeanPostProcessorChecker : Bean 'blockingLoadBalancerClient' of type [org.springframework.cloud.loadbalancer.blocking.client.BlockingLoadBalancerClient] is not eligible for getting processed by all BeanPostProcessors (for example: not eligible for auto-proxying). Is this bean getting eagerly injected into a currently created BeanPostProcessor [lbRestClientPostProcessor]? Check the corresponding BeanPostProcessor declaration and its dependencies.
2024-07-13T12:58:13.056+04:00  WARN 11540 --- [Trainer_Workload] [main] trationDelegate$BeanPostProcessorChecker : Bean 'loadBalancerServiceInstanceCookieTransformer' of type [org.springframework.cloud.loadbalancer.core.LoadBalancerServiceInstanceCookieTransformer] is not eligible for getting processed by all BeanPostProcessors (for example: not eligible for auto-proxying). Is this bean getting eagerly injected into a currently created BeanPostProcessor [lbRestClientPostProcessor]? Check the corresponding BeanPostProcessor declaration and its dependencies.
2024-07-13T12:58:13.061+04:00  WARN 11540 --- [Trainer_Workload] [main] trationDelegate$BeanPostProcessorChecker : Bean 'xForwarderHeadersTransformer' of type [org.springframework.cloud.loadbalancer.blocking.XForwardedHeadersTransformer] is not eligible for getting processed by all BeanPostProcessors (for example: not eligible for auto-proxying). Is this bean getting eagerly injected into a currently created BeanPostProcessor [lbRestClientPostProcessor]? Check the corresponding BeanPostProcessor declaration and its dependencies.
2024-07-13T12:58:13.064+04:00  WARN 11540 --- [Trainer_Workload] [main] trationDelegate$BeanPostProcessorChecker : Bean 'org.springframework.cloud.client.loadbalancer.LoadBalancerAutoConfiguration' of type [org.springframework.cloud.client.loadbalancer.LoadBalancerAutoConfiguration] is not eligible for getting processed by all BeanPostProcessors (for example: not eligible for auto-proxying). Is this bean getting eagerly injected into a currently created BeanPostProcessor [lbRestClientPostProcessor]? Check the corresponding BeanPostProcessor declaration and its dependencies.
2024-07-13T12:58:13.069+04:00  WARN 11540 --- [Trainer_Workload] [main] trationDelegate$BeanPostProcessorChecker : Bean 'loadBalancerRequestFactory' of type [org.springframework.cloud.client.loadbalancer.LoadBalancerRequestFactory] is not eligible for getting processed by all BeanPostProcessors (for example: not eligible for auto-proxying). Is this bean getting eagerly injected into a currently created BeanPostProcessor [lbRestClientPostProcessor]? Check the corresponding BeanPostProcessor declaration and its dependencies.
2024-07-13T12:58:13.071+04:00  WARN 11540 --- [Trainer_Workload] [main] trationDelegate$BeanPostProcessorChecker : Bean 'loadBalancerInterceptor' of type [org.springframework.cloud.client.loadbalancer.LoadBalancerInterceptor] is not eligible for getting processed by all BeanPostProcessors (for example: not eligible for auto-proxying). Is this bean getting eagerly injected into a currently created BeanPostProcessor [lbRestClientPostProcessor]? Check the corresponding BeanPostProcessor declaration and its dependencies.
2024-07-13T12:58:13.443+04:00  INFO 11540 --- [Trainer_Workload] [main] o.s.b.w.embedded.tomcat.TomcatWebServer  : Tomcat initialized with port 8082 (http)
2024-07-13T12:58:13.457+04:00  INFO 11540 --- [Trainer_Workload] [main] o.apache.catalina.core.StandardService   : Starting service [Tomcat]
2024-07-13T12:58:13.457+04:00  INFO 11540 --- [Trainer_Workload] [main] o.apache.catalina.core.StandardEngine    : Starting Servlet engine: [Apache Tomcat/10.1.20]
2024-07-13T12:58:13.597+04:00  INFO 11540 --- [Trainer_Workload] [main] o.a.c.c.C.[Tomcat].[localhost].[/]       : Initializing Spring embedded WebApplicationContext
2024-07-13T12:58:13.597+04:00  INFO 11540 --- [Trainer_Workload] [main] w.s.c.ServletWebServerApplicationContext : Root WebApplicationContext: initialization completed in 3588 ms
2024-07-13T12:58:13.663+04:00  INFO 11540 --- [Trainer_Workload] [main] com.zaxxer.hikari.HikariDataSource       : HikariPool-1 - Starting...
2024-07-13T12:58:13.977+04:00  INFO 11540 --- [Trainer_Workload] [main] com.zaxxer.hikari.pool.HikariPool        : HikariPool-1 - Added connection conn0: url=jdbc:h2:mem:trainerdb user=SA
2024-07-13T12:58:13.979+04:00  INFO 11540 --- [Trainer_Workload] [main] com.zaxxer.hikari.HikariDataSource       : HikariPool-1 - Start completed.
2024-07-13T12:58:13.993+04:00  INFO 11540 --- [Trainer_Workload] [main] o.s.b.a.h2.H2ConsoleAutoConfiguration    : H2 console available at '/h2-console'. Database available at 'jdbc:h2:mem:trainerdb'
2024-07-13T12:58:14.306+04:00  INFO 11540 --- [Trainer_Workload] [main] o.hibernate.jpa.internal.util.LogHelper  : HHH000204: Processing PersistenceUnitInfo [name: default]
2024-07-13T12:58:14.374+04:00  INFO 11540 --- [Trainer_Workload] [main] org.hibernate.Version                    : HHH000412: Hibernate ORM core version 6.4.4.Final
2024-07-13T12:58:14.419+04:00  INFO 11540 --- [Trainer_Workload] [main] o.h.c.internal.RegionFactoryInitiator    : HHH000026: Second-level cache disabled
2024-07-13T12:58:14.786+04:00  INFO 11540 --- [Trainer_Workload] [main] o.s.o.j.p.SpringPersistenceUnitInfo      : No LoadTimeWeaver setup: ignoring JPA class transformer
2024-07-13T12:58:14.845+04:00  WARN 11540 --- [Trainer_Workload] [main] org.hibernate.orm.deprecation            : HHH90000025: H2Dialect does not need to be specified explicitly using 'hibernate.dialect' (remove the property setting and it will be selected by default)
2024-07-13T12:58:15.215+04:00  INFO 11540 --- [Trainer_Workload] [main] o.h.e.t.j.p.i.JtaPlatformInitiator       : HHH000489: No JTA platform available (set 'hibernate.transaction.jta.platform' to enable JTA platform integration)
2024-07-13T12:58:15.221+04:00  INFO 11540 --- [Trainer_Workload] [main] j.LocalContainerEntityManagerFactoryBean : Initialized JPA EntityManagerFactory for persistence unit 'default'
2024-07-13T12:58:15.745+04:00  INFO 11540 --- [Trainer_Workload] [cluster-ClusterId{value='669241a7b67a2a460c5efcac', description='null'}-localhost:27017] org.mongodb.driver.cluster               : Exception in monitor thread while connecting to server localhost:27017

com.mongodb.MongoSocketOpenException: Exception opening socket
	at com.mongodb.internal.connection.SocketStream.lambda$open$0(SocketStream.java:84) ~[mongodb-driver-core-4.11.2.jar:na]
	at java.base/java.util.Optional.orElseThrow(Optional.java:403) ~[na:na]
	at com.mongodb.internal.connection.SocketStream.open(SocketStream.java:84) ~[mongodb-driver-core-4.11.2.jar:na]
	at com.mongodb.internal.connection.InternalStreamConnection.open(InternalStreamConnection.java:211) ~[mongodb-driver-core-4.11.2.jar:na]
	at com.mongodb.internal.connection.DefaultServerMonitor$ServerMonitorRunnable.lookupServerDescription(DefaultServerMonitor.java:193) ~[mongodb-driver-core-4.11.2.jar:na]
	at com.mongodb.internal.connection.DefaultServerMonitor$ServerMonitorRunnable.run(DefaultServerMonitor.java:153) ~[mongodb-driver-core-4.11.2.jar:na]
	at java.base/java.lang.Thread.run(Thread.java:1583) ~[na:na]
Caused by: java.net.ConnectException: Connection refused: no further information
	at java.base/sun.nio.ch.Net.pollConnect(Native Method) ~[na:na]
	at java.base/sun.nio.ch.Net.pollConnectNow(Net.java:682) ~[na:na]
	at java.base/sun.nio.ch.NioSocketImpl.timedFinishConnect(NioSocketImpl.java:542) ~[na:na]
	at java.base/sun.nio.ch.NioSocketImpl.connect(NioSocketImpl.java:592) ~[na:na]
	at java.base/java.net.SocksSocketImpl.connect(SocksSocketImpl.java:327) ~[na:na]
	at java.base/java.net.Socket.connect(Socket.java:751) ~[na:na]
	at com.mongodb.internal.connection.SocketStreamHelper.initialize(SocketStreamHelper.java:76) ~[mongodb-driver-core-4.11.2.jar:na]
	at com.mongodb.internal.connection.SocketStream.initializeSocket(SocketStream.java:104) ~[mongodb-driver-core-4.11.2.jar:na]
	at com.mongodb.internal.connection.SocketStream.open(SocketStream.java:78) ~[mongodb-driver-core-4.11.2.jar:na]
	... 4 common frames omitted

2024-07-13T12:58:15.753+04:00  INFO 11540 --- [Trainer_Workload] [main] org.mongodb.driver.client                : MongoClient with metadata {"driver": {"name": "mongo-java-driver|sync|spring-boot", "version": "4.11.2"}, "os": {"type": "Windows", "name": "Windows 11", "architecture": "amd64", "version": "10.0"}, "platform": "Java/Oracle Corporation/21.0.1+12-29"} created with settings MongoClientSettings{readPreference=primary, writeConcern=WriteConcern{w=null, wTimeout=null ms, journal=null}, retryWrites=true, retryReads=true, readConcern=ReadConcern{level=null}, credential=null, transportSettings=null, streamFactoryFactory=null, commandListeners=[], codecRegistry=ProvidersCodecRegistry{codecProviders=[ValueCodecProvider{}, BsonValueCodecProvider{}, DBRefCodecProvider{}, DBObjectCodecProvider{}, DocumentCodecProvider{}, CollectionCodecProvider{}, IterableCodecProvider{}, MapCodecProvider{}, GeoJsonCodecProvider{}, GridFSFileCodecProvider{}, Jsr310CodecProvider{}, JsonObjectCodecProvider{}, BsonCodecProvider{}, EnumCodecProvider{}, com.mongodb.client.model.mql.ExpressionCodecProvider@5b8b9b2d, com.mongodb.Jep395RecordCodecProvider@7a7bb083, com.mongodb.KotlinCodecProvider@2178d296]}, loggerSettings=LoggerSettings{maxDocumentLength=1000}, clusterSettings={hosts=[localhost:27017], srvServiceName=mongodb, mode=SINGLE, requiredClusterType=UNKNOWN, requiredReplicaSetName='null', serverSelector='null', clusterListeners='[]', serverSelectionTimeout='30000 ms', localThreshold='15 ms'}, socketSettings=SocketSettings{connectTimeoutMS=10000, readTimeoutMS=0, receiveBufferSize=0, proxySettings=ProxySettings{host=null, port=null, username=null, password=null}}, heartbeatSocketSettings=SocketSettings{connectTimeoutMS=10000, readTimeoutMS=10000, receiveBufferSize=0, proxySettings=ProxySettings{host=null, port=null, username=null, password=null}}, connectionPoolSettings=ConnectionPoolSettings{maxSize=100, minSize=0, maxWaitTimeMS=120000, maxConnectionLifeTimeMS=0, maxConnectionIdleTimeMS=0, maintenanceInitialDelayMS=0, maintenanceFrequencyMS=60000, connectionPoolListeners=[], maxConnecting=2}, serverSettings=ServerSettings{heartbeatFrequencyMS=10000, minHeartbeatFrequencyMS=500, serverListeners='[]', serverMonitorListeners='[]'}, sslSettings=SslSettings{enabled=false, invalidHostNameAllowed=false, context=null}, applicationName='null', compressorList=[], uuidRepresentation=JAVA_LEGACY, serverApi=null, autoEncryptionSettings=null, dnsClient=null, inetAddressResolver=null, contextProvider=null}
2024-07-13T12:58:16.907+04:00  WARN 11540 --- [Trainer_Workload] [main] JpaBaseConfiguration$JpaWebConfiguration : spring.jpa.open-in-view is enabled by default. Therefore, database queries may be performed during view rendering. Explicitly configure spring.jpa.open-in-view to disable this warning
2024-07-13T12:58:17.008+04:00  WARN 11540 --- [Trainer_Workload] [main] .s.s.UserDetailsServiceAutoConfiguration : 

Using generated security password: b0fde3e0-d07e-4c49-841f-b0529a40ff16

This generated password is for development use only. Your security configuration must be updated before running your application in production.

2024-07-13T12:58:17.729+04:00  INFO 11540 --- [Trainer_Workload] [main] o.s.s.web.DefaultSecurityFilterChain     : Will secure any request with [org.springframework.security.web.session.DisableEncodeUrlFilter@643947d1, org.springframework.security.web.context.request.async.WebAsyncManagerIntegrationFilter@44b99f09, org.springframework.security.web.context.SecurityContextHolderFilter@53ec379a, org.springframework.security.web.header.HeaderWriterFilter@44eda25b, org.springframework.web.filter.CorsFilter@261d7ee2, org.springframework.security.web.authentication.logout.LogoutFilter@7f2c36de, org.springframework.security.web.savedrequest.RequestCacheAwareFilter@44ad3c5e, org.springframework.security.web.servletapi.SecurityContextHolderAwareRequestFilter@5a90ea5c, org.springframework.security.web.authentication.AnonymousAuthenticationFilter@724a80d2, org.springframework.security.web.access.ExceptionTranslationFilter@5ae5a507, org.springframework.security.web.access.intercept.AuthorizationFilter@529b8e41]
2024-07-13T12:58:19.109+04:00  INFO 11540 --- [Trainer_Workload] [main] DiscoveryClientOptionalArgsConfiguration : Eureka HTTP Client uses RestTemplate.
2024-07-13T12:58:19.202+04:00  WARN 11540 --- [Trainer_Workload] [main] iguration$LoadBalancerCaffeineWarnLogger : Spring Cloud LoadBalancer is currently working with the default cache. While this cache implementation is useful for development and tests, it's recommended to use Caffeine cache in production.You can switch to using Caffeine cache, by adding it and org.springframework.cache.caffeine.CaffeineCacheManager to the classpath.
2024-07-13T12:58:19.349+04:00  INFO 11540 --- [Trainer_Workload] [main] o.s.c.n.eureka.InstanceInfoFactory       : Setting initial instance status as: STARTING
2024-07-13T12:58:19.403+04:00  INFO 11540 --- [Trainer_Workload] [main] com.netflix.discovery.DiscoveryClient    : Initializing Eureka in region us-east-1
2024-07-13T12:58:19.410+04:00  INFO 11540 --- [Trainer_Workload] [main] c.n.d.s.r.aws.ConfigClusterResolver      : Resolving eureka endpoints via configuration
2024-07-13T12:58:19.438+04:00  INFO 11540 --- [Trainer_Workload] [main] com.netflix.discovery.DiscoveryClient    : Disable delta property : false
2024-07-13T12:58:19.438+04:00  INFO 11540 --- [Trainer_Workload] [main] com.netflix.discovery.DiscoveryClient    : Single vip registry refresh property : null
2024-07-13T12:58:19.438+04:00  INFO 11540 --- [Trainer_Workload] [main] com.netflix.discovery.DiscoveryClient    : Force full registry fetch : false
2024-07-13T12:58:19.438+04:00  INFO 11540 --- [Trainer_Workload] [main] com.netflix.discovery.DiscoveryClient    : Application is null : false
2024-07-13T12:58:19.438+04:00  INFO 11540 --- [Trainer_Workload] [main] com.netflix.discovery.DiscoveryClient    : Registered Applications size is zero : true
2024-07-13T12:58:19.439+04:00  INFO 11540 --- [Trainer_Workload] [main] com.netflix.discovery.DiscoveryClient    : Application version is -1: true
2024-07-13T12:58:19.439+04:00  INFO 11540 --- [Trainer_Workload] [main] com.netflix.discovery.DiscoveryClient    : Getting all instance registry info from the eureka server
2024-07-13T12:58:20.202+04:00  INFO 11540 --- [Trainer_Workload] [main] com.netflix.discovery.DiscoveryClient    : The response status is 200
2024-07-13T12:58:20.206+04:00  INFO 11540 --- [Trainer_Workload] [main] com.netflix.discovery.DiscoveryClient    : Starting heartbeat executor: renew interval is: 30
2024-07-13T12:58:20.210+04:00  INFO 11540 --- [Trainer_Workload] [main] c.n.discovery.InstanceInfoReplicator     : InstanceInfoReplicator onDemand update allowed rate per min is 4
2024-07-13T12:58:20.219+04:00  INFO 11540 --- [Trainer_Workload] [main] com.netflix.discovery.DiscoveryClient    : Discovery Client initialized at timestamp 1720861100218 with initial instances count: 1
2024-07-13T12:58:20.239+04:00  INFO 11540 --- [Trainer_Workload] [main] o.s.c.n.e.s.EurekaServiceRegistry        : Registering application TRAINER_WORKLOAD with eureka with status UP
2024-07-13T12:58:20.240+04:00  INFO 11540 --- [Trainer_Workload] [main] com.netflix.discovery.DiscoveryClient    : Saw local status change event StatusChangeEvent [timestamp=1720861100240, current=UP, previous=STARTING]
2024-07-13T12:58:20.243+04:00  INFO 11540 --- [Trainer_Workload] [DiscoveryClient-InstanceInfoReplicator-0] com.netflix.discovery.DiscoveryClient    : DiscoveryClient_TRAINER_WORKLOAD/DESKTOP-G52D8CL:Trainer_Workload:8082: registering service...
2024-07-13T12:58:20.274+04:00  INFO 11540 --- [Trainer_Workload] [main] o.s.b.w.embedded.tomcat.TomcatWebServer  : Tomcat started on port 8082 (http) with context path ''
2024-07-13T12:58:20.275+04:00  INFO 11540 --- [Trainer_Workload] [main] .s.c.n.e.s.EurekaAutoServiceRegistration : Updating port to 8082
2024-07-13T12:58:20.308+04:00  INFO 11540 --- [Trainer_Workload] [DiscoveryClient-InstanceInfoReplicator-0] com.netflix.discovery.DiscoveryClient    : DiscoveryClient_TRAINER_WORKLOAD/DESKTOP-G52D8CL:Trainer_Workload:8082 - registration status: 204
2024-07-13T12:58:20.552+04:00  INFO 11540 --- [Trainer_Workload] [main] c.e.t.TrainerWorkloadApplication         : Started TrainerWorkloadApplication in 11.225 seconds (process running for 12.47)
2024-07-13T13:03:19.453+04:00  INFO 11540 --- [Trainer_Workload] [AsyncResolver-bootstrap-executor-0] c.n.d.s.r.aws.ConfigClusterResolver      : Resolving eureka endpoints via configuration
2024-07-13T13:08:19.454+04:00  INFO 11540 --- [Trainer_Workload] [AsyncResolver-bootstrap-executor-0] c.n.d.s.r.aws.ConfigClusterResolver      : Resolving eureka endpoints via configuration
2024-07-13T13:13:19.468+04:00  INFO 11540 --- [Trainer_Workload] [AsyncResolver-bootstrap-executor-0] c.n.d.s.r.aws.ConfigClusterResolver      : Resolving eureka endpoints via configuration
2024-07-13T13:18:19.479+04:00  INFO 11540 --- [Trainer_Workload] [AsyncResolver-bootstrap-executor-0] c.n.d.s.r.aws.ConfigClusterResolver      : Resolving eureka endpoints via configuration
2024-07-13T13:23:19.490+04:00  INFO 11540 --- [Trainer_Workload] [AsyncResolver-bootstrap-executor-0] c.n.d.s.r.aws.ConfigClusterResolver      : Resolving eureka endpoints via configuration
2024-07-13T13:28:19.498+04:00  INFO 11540 --- [Trainer_Workload] [AsyncResolver-bootstrap-executor-0] c.n.d.s.r.aws.ConfigClusterResolver      : Resolving eureka endpoints via configuration
